  [1m[36mSQL (0.6ms)[0m  [1mSHOW client_min_messages[0m
  [1m[35mSQL (0.2ms)[0m  SET client_min_messages TO 'panic'
  [1m[36mSQL (0.2ms)[0m  [1mSET standard_conforming_strings = on[0m
  [1m[35mSQL (0.3ms)[0m  SET client_min_messages TO 'notice'
  [1m[36mSQL (0.6ms)[0m  [1mSET time zone 'UTC'[0m
  [1m[35mSQL (0.2ms)[0m  SHOW TIME ZONE
  [1m[36mSQL (17.6ms)[0m  [1m SELECT COUNT(*)
 FROM pg_tables
 WHERE tablename = 'schema_migrations'
 
[0m
  [1m[35mSQL (57.2ms)[0m  CREATE TABLE "schema_migrations" ("version" character varying(255) NOT NULL) 
  [1m[36mSQL (0.3ms)[0m  [1mSHOW search_path[0m
  [1m[35mSQL (3.7ms)[0m   SELECT distinct i.relname, d.indisunique, d.indkey, t.oid
 FROM pg_class t, pg_class i, pg_index d
 WHERE i.relkind = 'i'
 AND d.indexrelid = i.oid
 AND d.indisprimary = 'f'
 AND t.oid = d.indrelid
 AND t.relname = 'schema_migrations'
 AND i.relnamespace IN (SELECT oid FROM pg_namespace WHERE nspname IN ('"$user"','public') )
 ORDER BY i.relname
  [1m[36mSQL (45.0ms)[0m  [1mCREATE UNIQUE INDEX "unique_schema_migrations" ON "schema_migrations" ("version")[0m
  [1m[35mSQL (1.1ms)[0m   SELECT COUNT(*)
 FROM pg_tables
 WHERE tablename = 'schema_info'
 
  [1m[36mSQL (1.1ms)[0m  [1m SELECT COUNT(*)
 FROM pg_tables
 WHERE tablename = 'schema_migrations'
 
[0m
  [1m[35mSQL (1.4ms)[0m   SELECT tablename
 FROM pg_tables
 WHERE schemaname = ANY (current_schemas(false))
  [1m[36mSQL (2.5ms)[0m  [1m SELECT a.attname, format_type(a.atttypid, a.atttypmod), d.adsrc, a.attnotnull
 FROM pg_attribute a LEFT JOIN pg_attrdef d
 ON a.attrelid = d.adrelid AND a.attnum = d.adnum
 WHERE a.attrelid = '"schema_migrations"'::regclass
 AND a.attnum > 0 AND NOT a.attisdropped
 ORDER BY a.attnum
[0m
  [1m[35mSQL (0.4ms)[0m  SELECT "schema_migrations"."version" FROM "schema_migrations"
  [1m[36mSQL (1.0ms)[0m  [1m SELECT tablename
 FROM pg_tables
 WHERE schemaname = ANY (current_schemas(false))
[0m


Started GET "/" for 127.0.0.1 at Sat Dec 25 14:35:00 +0200 2010
  [1m[36mSQL (0.5ms)[0m  [1mSHOW client_min_messages[0m
  [1m[35mSQL (0.2ms)[0m  SET client_min_messages TO 'panic'
  [1m[36mSQL (0.2ms)[0m  [1mSET standard_conforming_strings = on[0m
  [1m[35mSQL (18.7ms)[0m  SET client_min_messages TO 'notice'
  [1m[36mSQL (0.6ms)[0m  [1mSET time zone 'UTC'[0m
  [1m[35mSQL (0.2ms)[0m  SHOW TIME ZONE
  Processing by WelcomeController#index as HTML
Completed   in 19ms

ActionView::MissingTemplate (Missing template welcome/index with {:locale=>[:en, :en], :handlers=>[:builder, :rjs, :rhtml, :erb, :rxml], :formats=>[:html]} in view paths "/home/iskren/fmi/www/js_games/app/views"):
  

Rendered /usr/lib/ruby/gems/1.8/gems/actionpack-3.0.3/lib/action_dispatch/middleware/templates/rescues/missing_template.erb within rescues/layout (1.3ms)


Started GET "/" for 127.0.0.1 at Sat Dec 25 14:36:11 +0200 2010
  Processing by WelcomeController#index as HTML
Completed   in 5ms

ActionView::MissingTemplate (Missing template welcome/index with {:locale=>[:en, :en], :handlers=>[:builder, :rjs, :rhtml, :erb, :rxml], :formats=>[:html]} in view paths "/home/iskren/fmi/www/js_games/app/views"):
  

Rendered /usr/lib/ruby/gems/1.8/gems/actionpack-3.0.3/lib/action_dispatch/middleware/templates/rescues/missing_template.erb within rescues/layout (1.0ms)


Started GET "/" for 127.0.0.1 at Sat Dec 25 14:36:25 +0200 2010
  [1m[36mSQL (0.4ms)[0m  [1mSHOW client_min_messages[0m
  [1m[35mSQL (0.2ms)[0m  SET client_min_messages TO 'panic'
  [1m[36mSQL (0.1ms)[0m  [1mSET standard_conforming_strings = on[0m
  [1m[35mSQL (0.1ms)[0m  SET client_min_messages TO 'notice'
  [1m[36mSQL (0.6ms)[0m  [1mSET time zone 'UTC'[0m
  [1m[35mSQL (1.7ms)[0m  SHOW TIME ZONE
  Processing by WelcomeController#index as HTML
Rendered welcome/index.html.haml within layouts/application (6.1ms)
Completed 200 OK in 15ms (Views: 14.6ms | ActiveRecord: 3.2ms)


Started GET "/" for 127.0.0.1 at Sat Dec 25 14:36:46 +0200 2010
  Processing by WelcomeController#index as HTML
Rendered welcome/index.haml within layouts/application (8.2ms)
Completed 200 OK in 16ms (Views: 15.5ms | ActiveRecord: 0.0ms)


Started GET "/" for 127.0.0.1 at Sat Dec 25 14:36:48 +0200 2010
  Processing by WelcomeController#index as HTML
Rendered welcome/index.haml within layouts/application (16.5ms)
Completed 200 OK in 42ms (Views: 41.5ms | ActiveRecord: 0.0ms)


Started GET "/" for 127.0.0.1 at Sat Dec 25 14:39:30 +0200 2010
  Processing by WelcomeController#index as HTML
Rendered welcome/index.haml within layouts/application (6.7ms)
Completed 200 OK in 15ms (Views: 13.9ms | ActiveRecord: 0.0ms)


Started GET "/stylesheet/test.css" for 127.0.0.1 at Sat Dec 25 14:41:02 +0200 2010

ActionController::RoutingError (No route matches "/stylesheet/test.css"):
  

Rendered /usr/lib/ruby/gems/1.8/gems/actionpack-3.0.3/lib/action_dispatch/middleware/templates/rescues/routing_error.erb within rescues/layout (1.2ms)


Started GET "/stylesheet/test.sass" for 127.0.0.1 at Sat Dec 25 14:41:14 +0200 2010

ActionController::RoutingError (No route matches "/stylesheet/test.sass"):
  

Rendered /usr/lib/ruby/gems/1.8/gems/actionpack-3.0.3/lib/action_dispatch/middleware/templates/rescues/routing_error.erb within rescues/layout (1.2ms)


Started GET "/stylesheets/test.css" for 127.0.0.1 at Sat Dec 25 14:41:40 +0200 2010

ActionController::RoutingError (No route matches "/stylesheets/test.css"):
  

Rendered /usr/lib/ruby/gems/1.8/gems/actionpack-3.0.3/lib/action_dispatch/middleware/templates/rescues/routing_error.erb within rescues/layout (1.2ms)


Started GET "/" for 127.0.0.1 at Sat Dec 25 14:46:49 +0200 2010
  Processing by WelcomeController#index as HTML
Rendered welcome/index.haml within layouts/application (101.6ms)
Completed 200 OK in 114ms (Views: 113.7ms | ActiveRecord: 0.0ms)


Started GET "/" for 127.0.0.1 at Sat Dec 25 14:47:39 +0200 2010
  Processing by WelcomeController#index as HTML
Rendered welcome/index.haml within layouts/application (5.6ms)
Completed 200 OK in 15ms (Views: 12.7ms | ActiveRecord: 0.0ms)


Started GET "/" for 127.0.0.1 at Sat Dec 25 14:47:55 +0200 2010
  Processing by WelcomeController#index as HTML
Rendered welcome/index.haml within layouts/application (12.8ms)
Completed 200 OK in 31ms (Views: 26.1ms | ActiveRecord: 0.0ms)


Started GET "/" for 127.0.0.1 at Sat Dec 25 14:48:51 +0200 2010
  Processing by WelcomeController#index as HTML
Rendered welcome/index.haml within layouts/application (7.1ms)
Completed 200 OK in 17ms (Views: 16.1ms | ActiveRecord: 0.0ms)


Started GET "/" for 127.0.0.1 at Sat Dec 25 14:49:32 +0200 2010
  Processing by WelcomeController#index as HTML
Rendered welcome/index.haml within layouts/application (7.4ms)
Completed 200 OK in 15ms (Views: 14.2ms | ActiveRecord: 0.0ms)


Started GET "/" for 127.0.0.1 at Sat Dec 25 14:49:33 +0200 2010
  Processing by WelcomeController#index as HTML
Rendered welcome/index.haml within layouts/application (16.7ms)
Completed 200 OK in 35ms (Views: 33.7ms | ActiveRecord: 0.0ms)


Started GET "/" for 127.0.0.1 at Sat Dec 25 14:49:43 +0200 2010
  Processing by WelcomeController#index as HTML
Rendered welcome/index.haml within layouts/application (17.1ms)
Completed 200 OK in 27ms (Views: 26.3ms | ActiveRecord: 0.0ms)


Started GET "/" for 127.0.0.1 at Sat Dec 25 14:50:44 +0200 2010
  Processing by WelcomeController#index as HTML
Rendered welcome/index.haml within layouts/application (6.4ms)
Completed 200 OK in 20ms (Views: 18.9ms | ActiveRecord: 0.0ms)


Started GET "/" for 127.0.0.1 at Sat Dec 25 14:50:46 +0200 2010
  Processing by WelcomeController#index as HTML
Rendered welcome/index.haml within layouts/application (6.8ms)
Completed 200 OK in 16ms (Views: 15.6ms | ActiveRecord: 0.0ms)


Started GET "/" for 127.0.0.1 at Sat Dec 25 14:50:49 +0200 2010
  Processing by WelcomeController#index as HTML
Rendered welcome/index.haml within layouts/application (5.7ms)
Completed 200 OK in 15ms (Views: 13.9ms | ActiveRecord: 0.0ms)


Started GET "/" for 127.0.0.1 at Sat Dec 25 14:50:55 +0200 2010
  Processing by WelcomeController#index as HTML
Rendered welcome/index.haml within layouts/application (6.4ms)
Completed 200 OK in 15ms (Views: 13.8ms | ActiveRecord: 0.0ms)


Started GET "/" for 127.0.0.1 at Sat Dec 25 14:50:56 +0200 2010
  Processing by WelcomeController#index as HTML
Rendered welcome/index.haml within layouts/application (5.5ms)
Completed 200 OK in 14ms (Views: 12.7ms | ActiveRecord: 0.0ms)


Started GET "/" for 127.0.0.1 at Sat Dec 25 14:51:09 +0200 2010
  Processing by WelcomeController#index as HTML
Rendered welcome/index.haml within layouts/application (10.8ms)
Completed 200 OK in 58ms (Views: 53.8ms | ActiveRecord: 0.0ms)


Started GET "/" for 127.0.0.1 at Sat Dec 25 14:51:14 +0200 2010
  Processing by WelcomeController#index as HTML
Rendered welcome/index.haml within layouts/application (5.4ms)
Completed 200 OK in 15ms (Views: 14.6ms | ActiveRecord: 0.0ms)


Started GET "/" for 127.0.0.1 at Sat Dec 25 14:51:15 +0200 2010
  Processing by WelcomeController#index as HTML
Rendered welcome/index.haml within layouts/application (7.7ms)
Completed 200 OK in 17ms (Views: 15.9ms | ActiveRecord: 0.0ms)


Started GET "/" for 127.0.0.1 at Sat Dec 25 14:51:17 +0200 2010
  Processing by WelcomeController#index as HTML
Rendered welcome/index.haml within layouts/application (8.7ms)
Completed 200 OK in 16ms (Views: 15.6ms | ActiveRecord: 0.0ms)


Started GET "/" for 127.0.0.1 at Sat Dec 25 14:51:59 +0200 2010
  Processing by WelcomeController#index as HTML
Rendered welcome/index.haml within layouts/application (18.8ms)
Completed 200 OK in 27ms (Views: 25.9ms | ActiveRecord: 0.0ms)


Started GET "/" for 127.0.0.1 at Sat Dec 25 14:52:37 +0200 2010
  Processing by WelcomeController#index as HTML
Rendered welcome/index.haml within layouts/application (5.7ms)
Completed 200 OK in 14ms (Views: 12.8ms | ActiveRecord: 0.0ms)


Started GET "/" for 127.0.0.1 at Sat Dec 25 15:02:18 +0200 2010
  Processing by WelcomeController#index as HTML
Rendered welcome/index.haml within layouts/application (6.4ms)
Completed 200 OK in 16ms (Views: 15.0ms | ActiveRecord: 0.0ms)


Started GET "/javascripts/prototype.js" for 127.0.0.1 at Sat Dec 25 15:02:18 +0200 2010

ActionController::RoutingError (No route matches "/javascripts/prototype.js"):
  

Rendered /usr/lib/ruby/gems/1.8/gems/actionpack-3.0.3/lib/action_dispatch/middleware/templates/rescues/routing_error.erb within rescues/layout (1.2ms)


Started GET "/javascripts/effects.js" for 127.0.0.1 at Sat Dec 25 15:02:18 +0200 2010

ActionController::RoutingError (No route matches "/javascripts/effects.js"):
  

Rendered /usr/lib/ruby/gems/1.8/gems/actionpack-3.0.3/lib/action_dispatch/middleware/templates/rescues/routing_error.erb within rescues/layout (1.6ms)


Started GET "/javascripts/dragdrop.js" for 127.0.0.1 at Sat Dec 25 15:02:18 +0200 2010

ActionController::RoutingError (No route matches "/javascripts/dragdrop.js"):
  

Rendered /usr/lib/ruby/gems/1.8/gems/actionpack-3.0.3/lib/action_dispatch/middleware/templates/rescues/routing_error.erb within rescues/layout (3.1ms)


Started GET "/javascripts/controls.js" for 127.0.0.1 at Sat Dec 25 15:02:18 +0200 2010

ActionController::RoutingError (No route matches "/javascripts/controls.js"):
  

Rendered /usr/lib/ruby/gems/1.8/gems/actionpack-3.0.3/lib/action_dispatch/middleware/templates/rescues/routing_error.erb within rescues/layout (1.3ms)


Started GET "/javascripts/rails.js" for 127.0.0.1 at Sat Dec 25 15:02:18 +0200 2010

ActionController::RoutingError (No route matches "/javascripts/rails.js"):
  

Rendered /usr/lib/ruby/gems/1.8/gems/actionpack-3.0.3/lib/action_dispatch/middleware/templates/rescues/routing_error.erb within rescues/layout (1.2ms)


Started GET "/" for 127.0.0.1 at Sat Dec 25 15:03:08 +0200 2010
  [1m[36mSQL (0.4ms)[0m  [1mSHOW client_min_messages[0m
  [1m[35mSQL (0.8ms)[0m  SET client_min_messages TO 'panic'
  [1m[36mSQL (0.2ms)[0m  [1mSET standard_conforming_strings = on[0m
  [1m[35mSQL (0.1ms)[0m  SET client_min_messages TO 'notice'
  [1m[36mSQL (0.5ms)[0m  [1mSET time zone 'UTC'[0m
  [1m[35mSQL (0.2ms)[0m  SHOW TIME ZONE
  Processing by WelcomeController#index as HTML
Rendered welcome/index.haml within layouts/application (4.1ms)
Completed 200 OK in 13ms (Views: 12.0ms | ActiveRecord: 2.2ms)


Started GET "/" for 127.0.0.1 at Sat Dec 25 15:06:47 +0200 2010
  Processing by WelcomeController#index as HTML
Rendered welcome/index.haml within layouts/application (10.6ms)
Completed   in 27ms

ActionView::Template::Error (No expansion found for :test1):
    3: <head>
    4:   <title>JsGames</title>
    5:   <%= stylesheet_link_tag :all %>
    6:   <%= javascript_include_tag :test1 %>
    7:   <%= csrf_meta_tag %>
    8: </head>
    9: <body>
  app/views/layouts/application.html.erb:6:in `_app_views_layouts_application_html_erb__903292285_70064202013500_0'

Rendered /usr/lib/ruby/gems/1.8/gems/actionpack-3.0.3/lib/action_dispatch/middleware/templates/rescues/_trace.erb (2.2ms)
Rendered /usr/lib/ruby/gems/1.8/gems/actionpack-3.0.3/lib/action_dispatch/middleware/templates/rescues/_request_and_response.erb (25.7ms)
Rendered /usr/lib/ruby/gems/1.8/gems/actionpack-3.0.3/lib/action_dispatch/middleware/templates/rescues/template_error.erb within rescues/layout (45.3ms)


Started GET "/" for 127.0.0.1 at Sat Dec 25 15:07:04 +0200 2010
  [1m[36mSQL (0.5ms)[0m  [1mSHOW client_min_messages[0m
  [1m[35mSQL (8.5ms)[0m  SET client_min_messages TO 'panic'
  [1m[36mSQL (0.2ms)[0m  [1mSET standard_conforming_strings = on[0m
  [1m[35mSQL (0.2ms)[0m  SET client_min_messages TO 'notice'
  [1m[36mSQL (0.6ms)[0m  [1mSET time zone 'UTC'[0m
  [1m[35mSQL (0.2ms)[0m  SHOW TIME ZONE
  Processing by WelcomeController#index as HTML
Rendered welcome/index.haml within layouts/application (4.7ms)
Completed 200 OK in 17ms (Views: 16.6ms | ActiveRecord: 10.1ms)


Started GET "/javascripts/bala.js" for 127.0.0.1 at Sat Dec 25 15:07:05 +0200 2010

ActionController::RoutingError (No route matches "/javascripts/bala.js"):
  

Rendered /usr/lib/ruby/gems/1.8/gems/actionpack-3.0.3/lib/action_dispatch/middleware/templates/rescues/routing_error.erb within rescues/layout (1.5ms)


Started GET "/javascripts/ala.js" for 127.0.0.1 at Sat Dec 25 15:07:05 +0200 2010

ActionController::RoutingError (No route matches "/javascripts/ala.js"):
  

Rendered /usr/lib/ruby/gems/1.8/gems/actionpack-3.0.3/lib/action_dispatch/middleware/templates/rescues/routing_error.erb within rescues/layout (1.2ms)


Started GET "/" for 127.0.0.1 at Sat Dec 25 15:07:35 +0200 2010
  Processing by WelcomeController#index as HTML
Rendered welcome/index.haml within layouts/application (5.8ms)
Completed 200 OK in 14ms (Views: 12.8ms | ActiveRecord: 0.0ms)


Started GET "/javascripts/bala.js" for 127.0.0.1 at Sat Dec 25 15:07:35 +0200 2010

ActionController::RoutingError (No route matches "/javascripts/bala.js"):
  

Rendered /usr/lib/ruby/gems/1.8/gems/actionpack-3.0.3/lib/action_dispatch/middleware/templates/rescues/routing_error.erb within rescues/layout (1.2ms)


Started GET "/javascripts/ala.js" for 127.0.0.1 at Sat Dec 25 15:07:35 +0200 2010

ActionController::RoutingError (No route matches "/javascripts/ala.js"):
  

Rendered /usr/lib/ruby/gems/1.8/gems/actionpack-3.0.3/lib/action_dispatch/middleware/templates/rescues/routing_error.erb within rescues/layout (1.3ms)


Started GET "/" for 127.0.0.1 at Sat Dec 25 15:09:01 +0200 2010
  Processing by WelcomeController#index as HTML
Rendered welcome/index.haml within layouts/application (7.1ms)
Completed 200 OK in 16ms (Views: 14.8ms | ActiveRecord: 0.0ms)


Started GET "/" for 127.0.0.1 at Sat Dec 25 15:09:04 +0200 2010
  Processing by WelcomeController#index as HTML
Rendered welcome/index.haml within layouts/application (4.3ms)
Completed 200 OK in 13ms (Views: 11.8ms | ActiveRecord: 0.0ms)


Started GET "/" for 127.0.0.1 at Sat Dec 25 15:10:21 +0200 2010
  Processing by WelcomeController#index as HTML
Rendered welcome/index.haml within layouts/application (12.7ms)
Completed 200 OK in 24ms (Views: 22.5ms | ActiveRecord: 0.0ms)


Started GET "/" for 127.0.0.1 at Sat Dec 25 15:10:24 +0200 2010
  Processing by WelcomeController#index as HTML
Rendered welcome/index.haml within layouts/application (5.4ms)
Completed 200 OK in 15ms (Views: 14.6ms | ActiveRecord: 0.0ms)
